<?xml version="1.0" encoding="UTF-8"?>
<testsuite errors="0" failures="0" file="subnet_calculator_tests.py" name="subnet_calculator_tests.TestConvertNetmaskBitsToBinary-20201008203312" skipped="0" tests="7" time="0.013" timestamp="2020-10-08T20:33:12">
	<testcase classname="subnet_calculator_tests.TestConvertNetmaskBitsToBinary" name="test_maximum_ipv4_netmask" time="0.001" timestamp="2020-10-08T20:33:12"/>
	<testcase classname="subnet_calculator_tests.TestConvertNetmaskBitsToBinary" name="test_maximum_ipv6_netmask" time="0.001" timestamp="2020-10-08T20:33:12"/>
	<testcase classname="subnet_calculator_tests.TestConvertNetmaskBitsToBinary" name="test_minimum_netmask" time="0.004" timestamp="2020-10-08T20:33:12"/>
	<testcase classname="subnet_calculator_tests.TestConvertNetmaskBitsToBinary" name="test_netmask_one_above_minimum" time="0.001" timestamp="2020-10-08T20:33:12"/>
	<testcase classname="subnet_calculator_tests.TestConvertNetmaskBitsToBinary" name="test_netmask_well_above_minimum" time="0.001" timestamp="2020-10-08T20:33:12"/>
	<testcase classname="subnet_calculator_tests.TestConvertNetmaskBitsToBinary" name="test_one_below_maximum_ipv4_netmask" time="0.001" timestamp="2020-10-08T20:33:12"/>
	<testcase classname="subnet_calculator_tests.TestConvertNetmaskBitsToBinary" name="test_well_below_maximum_ipv4_netmask" time="0.001" timestamp="2020-10-08T20:33:12"/>
</testsuite>
