<?xml version="1.0" encoding="UTF-8"?>
<testsuite errors="0" failures="0" file="subnet_calculator_tests.py" name="subnet_calculator_tests.TestValidateIpv4Address-20201007091118" skipped="0" tests="65" time="0.065" timestamp="2020-10-07T09:11:19">
	<testcase classname="subnet_calculator_tests.TestValidateIpv4Address" name="test_empty_ipv4_address" time="0.002" timestamp="2020-10-07T09:11:18"/>
	<testcase classname="subnet_calculator_tests.TestValidateIpv4Address" name="test_ipv4_with_all_octet_values_at_255" time="0.001" timestamp="2020-10-07T09:11:18"/>
	<testcase classname="subnet_calculator_tests.TestValidateIpv4Address" name="test_ipv4_with_all_octet_values_at_zero" time="0.001" timestamp="2020-10-07T09:11:18"/>
	<testcase classname="subnet_calculator_tests.TestValidateIpv4Address" name="test_ipv4_with_all_octet_values_one_above_255" time="0.001" timestamp="2020-10-07T09:11:18"/>
	<testcase classname="subnet_calculator_tests.TestValidateIpv4Address" name="test_ipv4_with_all_octet_values_one_above_zero" time="0.001" timestamp="2020-10-07T09:11:18"/>
	<testcase classname="subnet_calculator_tests.TestValidateIpv4Address" name="test_ipv4_with_all_octet_values_one_below_255" time="0.001" timestamp="2020-10-07T09:11:18"/>
	<testcase classname="subnet_calculator_tests.TestValidateIpv4Address" name="test_ipv4_with_all_octet_values_one_below_zero" time="0.001" timestamp="2020-10-07T09:11:18"/>
	<testcase classname="subnet_calculator_tests.TestValidateIpv4Address" name="test_ipv4_with_all_octet_values_well_above_255" time="0.001" timestamp="2020-10-07T09:11:18"/>
	<testcase classname="subnet_calculator_tests.TestValidateIpv4Address" name="test_ipv4_with_all_octet_values_well_above_zero" time="0.001" timestamp="2020-10-07T09:11:18"/>
	<testcase classname="subnet_calculator_tests.TestValidateIpv4Address" name="test_ipv4_with_all_octet_values_well_below_255" time="0.001" timestamp="2020-10-07T09:11:18"/>
	<testcase classname="subnet_calculator_tests.TestValidateIpv4Address" name="test_ipv4_with_all_octet_values_well_below_zero" time="0.001" timestamp="2020-10-07T09:11:18"/>
	<testcase classname="subnet_calculator_tests.TestValidateIpv4Address" name="test_ipv4_with_correct_following_zero_padding" time="0.001" timestamp="2020-10-07T09:11:18"/>
	<testcase classname="subnet_calculator_tests.TestValidateIpv4Address" name="test_ipv4_with_empty_octet" time="0.001" timestamp="2020-10-07T09:11:18"/>
	<testcase classname="subnet_calculator_tests.TestValidateIpv4Address" name="test_ipv4_with_first_octet_value_at_255" time="0.001" timestamp="2020-10-07T09:11:18"/>
	<testcase classname="subnet_calculator_tests.TestValidateIpv4Address" name="test_ipv4_with_first_octet_value_at_zero" time="0.001" timestamp="2020-10-07T09:11:18"/>
	<testcase classname="subnet_calculator_tests.TestValidateIpv4Address" name="test_ipv4_with_first_octet_value_one_above_255" time="0.001" timestamp="2020-10-07T09:11:18"/>
	<testcase classname="subnet_calculator_tests.TestValidateIpv4Address" name="test_ipv4_with_first_octet_value_one_above_zero" time="0.001" timestamp="2020-10-07T09:11:18"/>
	<testcase classname="subnet_calculator_tests.TestValidateIpv4Address" name="test_ipv4_with_first_octet_value_one_below_255" time="0.001" timestamp="2020-10-07T09:11:18"/>
	<testcase classname="subnet_calculator_tests.TestValidateIpv4Address" name="test_ipv4_with_first_octet_value_one_below_zero" time="0.001" timestamp="2020-10-07T09:11:18"/>
	<testcase classname="subnet_calculator_tests.TestValidateIpv4Address" name="test_ipv4_with_first_octet_value_well_above_255" time="0.001" timestamp="2020-10-07T09:11:18"/>
	<testcase classname="subnet_calculator_tests.TestValidateIpv4Address" name="test_ipv4_with_first_octet_value_well_above_zero" time="0.001" timestamp="2020-10-07T09:11:18"/>
	<testcase classname="subnet_calculator_tests.TestValidateIpv4Address" name="test_ipv4_with_first_octet_value_well_below_255" time="0.001" timestamp="2020-10-07T09:11:18"/>
	<testcase classname="subnet_calculator_tests.TestValidateIpv4Address" name="test_ipv4_with_first_octet_value_well_below_zero" time="0.001" timestamp="2020-10-07T09:11:18"/>
	<testcase classname="subnet_calculator_tests.TestValidateIpv4Address" name="test_ipv4_with_four_octets_valid" time="0.001" timestamp="2020-10-07T09:11:18"/>
	<testcase classname="subnet_calculator_tests.TestValidateIpv4Address" name="test_ipv4_with_fourth_octet_value_at_255" time="0.001" timestamp="2020-10-07T09:11:18"/>
	<testcase classname="subnet_calculator_tests.TestValidateIpv4Address" name="test_ipv4_with_fourth_octet_value_at_zero" time="0.001" timestamp="2020-10-07T09:11:18"/>
	<testcase classname="subnet_calculator_tests.TestValidateIpv4Address" name="test_ipv4_with_fourth_octet_value_one_above_255" time="0.001" timestamp="2020-10-07T09:11:18"/>
	<testcase classname="subnet_calculator_tests.TestValidateIpv4Address" name="test_ipv4_with_fourth_octet_value_one_above_zero" time="0.001" timestamp="2020-10-07T09:11:18"/>
	<testcase classname="subnet_calculator_tests.TestValidateIpv4Address" name="test_ipv4_with_fourth_octet_value_one_below_255" time="0.001" timestamp="2020-10-07T09:11:18"/>
	<testcase classname="subnet_calculator_tests.TestValidateIpv4Address" name="test_ipv4_with_fourth_octet_value_one_below_zero" time="0.001" timestamp="2020-10-07T09:11:18"/>
	<testcase classname="subnet_calculator_tests.TestValidateIpv4Address" name="test_ipv4_with_fourth_octet_value_well_above_255" time="0.001" timestamp="2020-10-07T09:11:18"/>
	<testcase classname="subnet_calculator_tests.TestValidateIpv4Address" name="test_ipv4_with_fourth_octet_value_well_above_zero" time="0.001" timestamp="2020-10-07T09:11:18"/>
	<testcase classname="subnet_calculator_tests.TestValidateIpv4Address" name="test_ipv4_with_fourth_octet_value_well_below_255" time="0.001" timestamp="2020-10-07T09:11:18"/>
	<testcase classname="subnet_calculator_tests.TestValidateIpv4Address" name="test_ipv4_with_fourth_octet_value_well_below_zero" time="0.001" timestamp="2020-10-07T09:11:18"/>
	<testcase classname="subnet_calculator_tests.TestValidateIpv4Address" name="test_ipv4_with_incorrect_leading_zero_padding" time="0.001" timestamp="2020-10-07T09:11:18"/>
	<testcase classname="subnet_calculator_tests.TestValidateIpv4Address" name="test_ipv4_with_no_digits_in_octet" time="0.001" timestamp="2020-10-07T09:11:18"/>
	<testcase classname="subnet_calculator_tests.TestValidateIpv4Address" name="test_ipv4_with_octets_one_above_valid" time="0.001" timestamp="2020-10-07T09:11:18"/>
	<testcase classname="subnet_calculator_tests.TestValidateIpv4Address" name="test_ipv4_with_octets_one_below_valid" time="0.001" timestamp="2020-10-07T09:11:18"/>
	<testcase classname="subnet_calculator_tests.TestValidateIpv4Address" name="test_ipv4_with_octets_well_above_valid" time="0.001" timestamp="2020-10-07T09:11:18"/>
	<testcase classname="subnet_calculator_tests.TestValidateIpv4Address" name="test_ipv4_with_one_less_than_three_digits_in_octet" time="0.001" timestamp="2020-10-07T09:11:18"/>
	<testcase classname="subnet_calculator_tests.TestValidateIpv4Address" name="test_ipv4_with_one_more_than_three_digits_in_octet" time="0.001" timestamp="2020-10-07T09:11:18"/>
	<testcase classname="subnet_calculator_tests.TestValidateIpv4Address" name="test_ipv4_with_one_octets_well_below_valid" time="0.001" timestamp="2020-10-07T09:11:18"/>
	<testcase classname="subnet_calculator_tests.TestValidateIpv4Address" name="test_ipv4_with_second_octet_value_at_255" time="0.001" timestamp="2020-10-07T09:11:18"/>
	<testcase classname="subnet_calculator_tests.TestValidateIpv4Address" name="test_ipv4_with_second_octet_value_at_zero" time="0.001" timestamp="2020-10-07T09:11:18"/>
	<testcase classname="subnet_calculator_tests.TestValidateIpv4Address" name="test_ipv4_with_second_octet_value_one_above_255" time="0.001" timestamp="2020-10-07T09:11:18"/>
	<testcase classname="subnet_calculator_tests.TestValidateIpv4Address" name="test_ipv4_with_second_octet_value_one_above_zero" time="0.001" timestamp="2020-10-07T09:11:18"/>
	<testcase classname="subnet_calculator_tests.TestValidateIpv4Address" name="test_ipv4_with_second_octet_value_one_below_255" time="0.001" timestamp="2020-10-07T09:11:19"/>
	<testcase classname="subnet_calculator_tests.TestValidateIpv4Address" name="test_ipv4_with_second_octet_value_one_below_zero" time="0.001" timestamp="2020-10-07T09:11:19"/>
	<testcase classname="subnet_calculator_tests.TestValidateIpv4Address" name="test_ipv4_with_second_octet_value_well_above_255" time="0.001" timestamp="2020-10-07T09:11:19"/>
	<testcase classname="subnet_calculator_tests.TestValidateIpv4Address" name="test_ipv4_with_second_octet_value_well_above_zero" time="0.001" timestamp="2020-10-07T09:11:19"/>
	<testcase classname="subnet_calculator_tests.TestValidateIpv4Address" name="test_ipv4_with_second_octet_value_well_below_255" time="0.001" timestamp="2020-10-07T09:11:19"/>
	<testcase classname="subnet_calculator_tests.TestValidateIpv4Address" name="test_ipv4_with_second_octet_value_well_below_zero" time="0.001" timestamp="2020-10-07T09:11:19"/>
	<testcase classname="subnet_calculator_tests.TestValidateIpv4Address" name="test_ipv4_with_third_octet_value_at_255" time="0.001" timestamp="2020-10-07T09:11:19"/>
	<testcase classname="subnet_calculator_tests.TestValidateIpv4Address" name="test_ipv4_with_third_octet_value_at_zero" time="0.001" timestamp="2020-10-07T09:11:19"/>
	<testcase classname="subnet_calculator_tests.TestValidateIpv4Address" name="test_ipv4_with_third_octet_value_one_above_255" time="0.001" timestamp="2020-10-07T09:11:19"/>
	<testcase classname="subnet_calculator_tests.TestValidateIpv4Address" name="test_ipv4_with_third_octet_value_one_above_zero" time="0.001" timestamp="2020-10-07T09:11:19"/>
	<testcase classname="subnet_calculator_tests.TestValidateIpv4Address" name="test_ipv4_with_third_octet_value_one_below_255" time="0.001" timestamp="2020-10-07T09:11:19"/>
	<testcase classname="subnet_calculator_tests.TestValidateIpv4Address" name="test_ipv4_with_third_octet_value_one_below_zero" time="0.001" timestamp="2020-10-07T09:11:19"/>
	<testcase classname="subnet_calculator_tests.TestValidateIpv4Address" name="test_ipv4_with_third_octet_value_well_above_255" time="0.001" timestamp="2020-10-07T09:11:19"/>
	<testcase classname="subnet_calculator_tests.TestValidateIpv4Address" name="test_ipv4_with_third_octet_value_well_above_zero" time="0.001" timestamp="2020-10-07T09:11:19"/>
	<testcase classname="subnet_calculator_tests.TestValidateIpv4Address" name="test_ipv4_with_third_octet_value_well_below_255" time="0.001" timestamp="2020-10-07T09:11:19"/>
	<testcase classname="subnet_calculator_tests.TestValidateIpv4Address" name="test_ipv4_with_third_octet_value_well_below_zero" time="0.001" timestamp="2020-10-07T09:11:19"/>
	<testcase classname="subnet_calculator_tests.TestValidateIpv4Address" name="test_ipv4_with_three_digits_in_octet" time="0.001" timestamp="2020-10-07T09:11:19"/>
	<testcase classname="subnet_calculator_tests.TestValidateIpv4Address" name="test_ipv4_with_well_less_than_three_digits_in_octet" time="0.001" timestamp="2020-10-07T09:11:19"/>
	<testcase classname="subnet_calculator_tests.TestValidateIpv4Address" name="test_ipv4_with_well_more_than_three_digits_in_octet" time="0.001" timestamp="2020-10-07T09:11:19"/>
</testsuite>
