<?xml version="1.0" encoding="UTF-8"?>
<testsuite errors="0" failures="0" file="subnet_calculator_tests.py" name="subnet_calculator_tests.TestCalculateIpv6Address-20201011210525" skipped="0" tests="14" time="0.044" timestamp="2020-10-11T21:05:27">
	<testcase classname="subnet_calculator_tests.TestCalculateIpv6Address" name="test_calculate_subnet_in_bit_format_maximum_ip_and_well_below_maximum_subnet" time="0.006" timestamp="2020-10-11T21:05:26"/>
	<testcase classname="subnet_calculator_tests.TestCalculateIpv6Address" name="test_calculate_subnet_in_bit_format_with_maximum_ip_and_maximum_subnet" time="0.005" timestamp="2020-10-11T21:05:27"/>
	<testcase classname="subnet_calculator_tests.TestCalculateIpv6Address" name="test_calculate_subnet_in_bit_format_with_maximum_ip_and_one_below_maximum_subnet" time="0.002" timestamp="2020-10-11T21:05:27"/>
	<testcase classname="subnet_calculator_tests.TestCalculateIpv6Address" name="test_calculate_subnet_in_bit_format_with_minimum_ip_and_minimum_subnet" time="0.001" timestamp="2020-10-11T21:05:27"/>
	<testcase classname="subnet_calculator_tests.TestCalculateIpv6Address" name="test_calculate_subnet_in_bit_format_with_minimum_ip_and_one_above_minimum_subnet" time="0.002" timestamp="2020-10-11T21:05:27"/>
	<testcase classname="subnet_calculator_tests.TestCalculateIpv6Address" name="test_calculate_subnet_in_bit_format_with_minimum_ip_and_well_above_minimum_subnet" time="0.002" timestamp="2020-10-11T21:05:27"/>
	<testcase classname="subnet_calculator_tests.TestCalculateIpv6Address" name="test_calculate_subnet_in_bit_format_with_one_above_minimum_ip_and_minimum_subnet" time="0.003" timestamp="2020-10-11T21:05:27"/>
	<testcase classname="subnet_calculator_tests.TestCalculateIpv6Address" name="test_calculate_subnet_in_bit_format_with_one_above_minimum_ip_and_one_above_minimum_subnet" time="0.002" timestamp="2020-10-11T21:05:27"/>
	<testcase classname="subnet_calculator_tests.TestCalculateIpv6Address" name="test_calculate_subnet_in_bit_format_with_one_below_maximum_ip_and_maximum_subnet" time="0.002" timestamp="2020-10-11T21:05:27"/>
	<testcase classname="subnet_calculator_tests.TestCalculateIpv6Address" name="test_calculate_subnet_in_bit_format_with_one_below_maximum_ip_and_one_below_maximum_subnet" time="0.003" timestamp="2020-10-11T21:05:27"/>
	<testcase classname="subnet_calculator_tests.TestCalculateIpv6Address" name="test_calculate_subnet_in_bit_format_with_well_above_minimum_ip_and_minimum_subnet" time="0.003" timestamp="2020-10-11T21:05:27"/>
	<testcase classname="subnet_calculator_tests.TestCalculateIpv6Address" name="test_calculate_subnet_in_bit_format_with_well_above_minimum_ip_and_well_above_minimum_subnet" time="0.007" timestamp="2020-10-11T21:05:27"/>
	<testcase classname="subnet_calculator_tests.TestCalculateIpv6Address" name="test_calculate_subnet_in_bit_format_with_well_below_maximum_ip_and_maximum_subnet" time="0.004" timestamp="2020-10-11T21:05:27"/>
	<testcase classname="subnet_calculator_tests.TestCalculateIpv6Address" name="test_calculate_subnet_in_ip_format_with_well_below_maximum_ip_and_well_below_maximum_subnet" time="0.002" timestamp="2020-10-11T21:05:27"/>
</testsuite>
