<?xml version="1.0" encoding="UTF-8"?>
<testsuite errors="6" failures="0" file="subnet_calculator_tests.py" name="subnet_calculator_tests.CalculateLowerIpv6Range-20201011201604" skipped="0" tests="6" time="0.018" timestamp="2020-10-11T20:16:05">
	<testcase classname="subnet_calculator_tests.CalculateLowerIpv6Range" name="test_calculate_lower_at_maximum_ip_and_at_maximum_subnet" time="0.003" timestamp="2020-10-11T20:16:05">
		<error message="local variable 'lower_range' referenced before assignment" type="UnboundLocalError">
<![CDATA[Traceback (most recent call last):
  File "/usr/lib/python3.6/unittest/case.py", line 59, in testPartExecutor
    yield
  File "/usr/lib/python3.6/unittest/case.py", line 605, in run
    testMethod()
  File "/home/student/Documents/cs3280project2/src/unittest/python/subnet_calculator_tests.py", line 1272, in test_calculate_lower_at_maximum_ip_and_at_maximum_subnet
    subnet = subnet_calculator.calculate_lower_ipv6_range('ffff:ffff:ffff:ffff:ffff:ffff:ffff:ffff','1111111111111111.1111111111111111.1111111111111111.1111111111111111.1111111111111111.1111111111111111.1111111111111111.1111111111111110')
  File "/home/student/Documents/cs3280project2/src/main/python/subnet_calculator.py", line 332, in calculate_lower_ipv6_range
    lower_range += ':' + hex(int(current_binary, 2)).replace('0x', '')
UnboundLocalError: local variable 'lower_range' referenced before assignment
]]>		</error>
	</testcase>
	<testcase classname="subnet_calculator_tests.CalculateLowerIpv6Range" name="test_calculate_lower_one_below_maximum_ip_and_one_below_maximum_subnet" time="0.002" timestamp="2020-10-11T20:16:05">
		<error message="local variable 'lower_range' referenced before assignment" type="UnboundLocalError">
<![CDATA[Traceback (most recent call last):
  File "/usr/lib/python3.6/unittest/case.py", line 59, in testPartExecutor
    yield
  File "/usr/lib/python3.6/unittest/case.py", line 605, in run
    testMethod()
  File "/home/student/Documents/cs3280project2/src/unittest/python/subnet_calculator_tests.py", line 1267, in test_calculate_lower_one_below_maximum_ip_and_one_below_maximum_subnet
    subnet = subnet_calculator.calculate_lower_ipv6_range('eeee:eeee:eeee:eeee:eeee:eeee:eeee:eeee','1111111111111111.1111111111111111.1111111111111111.1111111111111111.1111111111111111.1111111111111111.1111111111111111.1111111111111100')
  File "/home/student/Documents/cs3280project2/src/main/python/subnet_calculator.py", line 332, in calculate_lower_ipv6_range
    lower_range += ':' + hex(int(current_binary, 2)).replace('0x', '')
UnboundLocalError: local variable 'lower_range' referenced before assignment
]]>		</error>
	</testcase>
	<testcase classname="subnet_calculator_tests.CalculateLowerIpv6Range" name="test_calculate_lower_range_at_minimum_ip_and_minimum_subnet" time="0.003" timestamp="2020-10-11T20:16:05">
		<error message="local variable 'lower_range' referenced before assignment" type="UnboundLocalError">
<![CDATA[Traceback (most recent call last):
  File "/usr/lib/python3.6/unittest/case.py", line 59, in testPartExecutor
    yield
  File "/usr/lib/python3.6/unittest/case.py", line 605, in run
    testMethod()
  File "/home/student/Documents/cs3280project2/src/unittest/python/subnet_calculator_tests.py", line 1247, in test_calculate_lower_range_at_minimum_ip_and_minimum_subnet
    subnet = subnet_calculator.calculate_lower_ipv6_range('0000::0000','1000000000000000.0000000000000000.0000000000000000.0000000000000000.0000000000000000.0000000000000000.0000000000000000.0000000000000000')
  File "/home/student/Documents/cs3280project2/src/main/python/subnet_calculator.py", line 332, in calculate_lower_ipv6_range
    lower_range += ':' + hex(int(current_binary, 2)).replace('0x', '')
UnboundLocalError: local variable 'lower_range' referenced before assignment
]]>		</error>
	</testcase>
	<testcase classname="subnet_calculator_tests.CalculateLowerIpv6Range" name="test_calculate_lower_range_one_above_minimum_ip_and_one_above_minimum_subnet" time="0.003" timestamp="2020-10-11T20:16:05">
		<error message="local variable 'lower_range' referenced before assignment" type="UnboundLocalError">
<![CDATA[Traceback (most recent call last):
  File "/usr/lib/python3.6/unittest/case.py", line 59, in testPartExecutor
    yield
  File "/usr/lib/python3.6/unittest/case.py", line 605, in run
    testMethod()
  File "/home/student/Documents/cs3280project2/src/unittest/python/subnet_calculator_tests.py", line 1252, in test_calculate_lower_range_one_above_minimum_ip_and_one_above_minimum_subnet
    subnet = subnet_calculator.calculate_lower_ipv6_range('1111:1111:1111:1111:1111:1111:1111:1111','1100000000000000.0000000000000000.0000000000000000.0000000000000000.0000000000000000.0000000000000000.0000000000000000.0000000000000000')
  File "/home/student/Documents/cs3280project2/src/main/python/subnet_calculator.py", line 332, in calculate_lower_ipv6_range
    lower_range += ':' + hex(int(current_binary, 2)).replace('0x', '')
UnboundLocalError: local variable 'lower_range' referenced before assignment
]]>		</error>
	</testcase>
	<testcase classname="subnet_calculator_tests.CalculateLowerIpv6Range" name="test_calculate_lower_range_well_above_minimum_ip_and_well_above_minimum_subnet" time="0.002" timestamp="2020-10-11T20:16:05">
		<error message="local variable 'lower_range' referenced before assignment" type="UnboundLocalError">
<![CDATA[Traceback (most recent call last):
  File "/usr/lib/python3.6/unittest/case.py", line 59, in testPartExecutor
    yield
  File "/usr/lib/python3.6/unittest/case.py", line 605, in run
    testMethod()
  File "/home/student/Documents/cs3280project2/src/unittest/python/subnet_calculator_tests.py", line 1257, in test_calculate_lower_range_well_above_minimum_ip_and_well_above_minimum_subnet
    subnet = subnet_calculator.calculate_lower_ipv6_range('fe80:cd12:d45c:c150:1235:0000:211e:729c','1111111111111111.1111111111111111.1111111111111111.1111111111111000.0000000000000000.0000000000000000.0000000000000000.0000000000000000')
  File "/home/student/Documents/cs3280project2/src/main/python/subnet_calculator.py", line 332, in calculate_lower_ipv6_range
    lower_range += ':' + hex(int(current_binary, 2)).replace('0x', '')
UnboundLocalError: local variable 'lower_range' referenced before assignment
]]>		</error>
	</testcase>
	<testcase classname="subnet_calculator_tests.CalculateLowerIpv6Range" name="test_calculate_lower_well_below_maximum_ip_and_well_below_maximum_subnet" time="0.003" timestamp="2020-10-11T20:16:05">
		<error message="local variable 'lower_range' referenced before assignment" type="UnboundLocalError">
<![CDATA[Traceback (most recent call last):
  File "/usr/lib/python3.6/unittest/case.py", line 59, in testPartExecutor
    yield
  File "/usr/lib/python3.6/unittest/case.py", line 605, in run
    testMethod()
  File "/home/student/Documents/cs3280project2/src/unittest/python/subnet_calculator_tests.py", line 1262, in test_calculate_lower_well_below_maximum_ip_and_well_below_maximum_subnet
    subnet = subnet_calculator.calculate_lower_ipv6_range('fe88:df57:d56c:c557:57c5:7c55:588e:789c','1111111111111111.1111111111111111.1111111111111111.1111111111111111.1111111111111111.0000000000000000.0000000000000000.0000000000000000')
  File "/home/student/Documents/cs3280project2/src/main/python/subnet_calculator.py", line 332, in calculate_lower_ipv6_range
    lower_range += ':' + hex(int(current_binary, 2)).replace('0x', '')
UnboundLocalError: local variable 'lower_range' referenced before assignment
]]>		</error>
	</testcase>
</testsuite>
