<?xml version="1.0" encoding="UTF-8"?>
<testsuite errors="0" failures="0" file="subnet_calculator_tests.py" name="subnet_calculator_tests.TestCalculateIpv4Subnet-20201008114720" skipped="0" tests="14" time="0.022" timestamp="2020-10-08T11:47:20">
	<testcase classname="subnet_calculator_tests.TestCalculateIpv4Subnet" name="test_calculate_ipv4_with_maximum_ip_and_maximum_subnet" time="0.002" timestamp="2020-10-08T11:47:20"/>
	<testcase classname="subnet_calculator_tests.TestCalculateIpv4Subnet" name="test_calculate_ipv4_with_maximum_ip_and_one_below_maximum_subnet" time="0.001" timestamp="2020-10-08T11:47:20"/>
	<testcase classname="subnet_calculator_tests.TestCalculateIpv4Subnet" name="test_calculate_ipv4_with_maximum_ip_and_well_below_maximum_subnet" time="0.002" timestamp="2020-10-08T11:47:20"/>
	<testcase classname="subnet_calculator_tests.TestCalculateIpv4Subnet" name="test_calculate_ipv4_with_minimum_ip_and_minimum_subnet" time="0.001" timestamp="2020-10-08T11:47:20"/>
	<testcase classname="subnet_calculator_tests.TestCalculateIpv4Subnet" name="test_calculate_ipv4_with_minimum_ip_and_one_above_minimum_subnet" time="0.002" timestamp="2020-10-08T11:47:20"/>
	<testcase classname="subnet_calculator_tests.TestCalculateIpv4Subnet" name="test_calculate_ipv4_with_minimum_ip_and_well_above_minimum_subnet" time="0.002" timestamp="2020-10-08T11:47:20"/>
	<testcase classname="subnet_calculator_tests.TestCalculateIpv4Subnet" name="test_calculate_ipv4_with_one_above_minimum_ip_and_minimum_subnet" time="0.002" timestamp="2020-10-08T11:47:20"/>
	<testcase classname="subnet_calculator_tests.TestCalculateIpv4Subnet" name="test_calculate_ipv4_with_one_above_minimum_ip_and_one_above_minimum_subnet" time="0.002" timestamp="2020-10-08T11:47:20"/>
	<testcase classname="subnet_calculator_tests.TestCalculateIpv4Subnet" name="test_calculate_ipv4_with_one_below_maximum_ip_and_maximum_subnet" time="0.001" timestamp="2020-10-08T11:47:20"/>
	<testcase classname="subnet_calculator_tests.TestCalculateIpv4Subnet" name="test_calculate_ipv4_with_one_below_maximum_ip_and_one_below_maximum_subnet" time="0.002" timestamp="2020-10-08T11:47:20"/>
	<testcase classname="subnet_calculator_tests.TestCalculateIpv4Subnet" name="test_calculate_ipv4_with_well_above_minimum_ip_and_minimum_subnet" time="0.002" timestamp="2020-10-08T11:47:20"/>
	<testcase classname="subnet_calculator_tests.TestCalculateIpv4Subnet" name="test_calculate_ipv4_with_well_above_minimum_ip_and_well_above_minimum_subnet" time="0.001" timestamp="2020-10-08T11:47:20"/>
	<testcase classname="subnet_calculator_tests.TestCalculateIpv4Subnet" name="test_calculate_ipv4_with_well_below_maximum_ip_and_maximum_subnet" time="0.002" timestamp="2020-10-08T11:47:20"/>
	<testcase classname="subnet_calculator_tests.TestCalculateIpv4Subnet" name="test_calculate_ipv4_with_well_below_maximum_ip_and_well_below_maximum_subnet" time="0.001" timestamp="2020-10-08T11:47:20"/>
</testsuite>
