<?xml version="1.0" encoding="UTF-8"?>
<testsuite errors="0" failures="2" file="subnet_calculator_tests.py" name="subnet_calculator_tests.TestCalculateIpv4UpperRange-20201010224533" skipped="0" tests="25" time="0.087" timestamp="2020-10-10T22:45:34">
	<testcase classname="subnet_calculator_tests.TestCalculateIpv4UpperRange" name="test_calculate_range_in_bit_format_maximum_ip_and_well_below_maximum_subnet" time="0.002" timestamp="2020-10-10T22:45:33"/>
	<testcase classname="subnet_calculator_tests.TestCalculateIpv4UpperRange" name="test_calculate_range_in_bit_format_with_maximum_ip_and_maximum_subnet" time="0.005" timestamp="2020-10-10T22:45:33"/>
	<testcase classname="subnet_calculator_tests.TestCalculateIpv4UpperRange" name="test_calculate_range_in_bit_format_with_maximum_ip_and_one_below_maximum_subnet" time="0.002" timestamp="2020-10-10T22:45:33"/>
	<testcase classname="subnet_calculator_tests.TestCalculateIpv4UpperRange" name="test_calculate_range_in_bit_format_with_minimum_ip_and_well_above_minimum_subnet" time="0.008" timestamp="2020-10-10T22:45:33"/>
	<testcase classname="subnet_calculator_tests.TestCalculateIpv4UpperRange" name="test_calculate_range_in_bit_format_with_one_above_minimum_ip_and_minimum_subnet" time="0.004" timestamp="2020-10-10T22:45:33"/>
	<testcase classname="subnet_calculator_tests.TestCalculateIpv4UpperRange" name="test_calculate_range_in_bit_format_with_one_above_minimum_ip_and_one_above_minimum_subnet" time="0.002" timestamp="2020-10-10T22:45:33"/>
	<testcase classname="subnet_calculator_tests.TestCalculateIpv4UpperRange" name="test_calculate_range_in_bit_format_with_one_below_maximum_ip_and_one_below_maximum_subnet" time="0.002" timestamp="2020-10-10T22:45:34"/>
	<testcase classname="subnet_calculator_tests.TestCalculateIpv4UpperRange" name="test_calculate_range_in_bit_format_with_well_above_minimum_ip_and_minimum_subnet" time="0.006" timestamp="2020-10-10T22:45:34"/>
	<testcase classname="subnet_calculator_tests.TestCalculateIpv4UpperRange" name="test_calculate_range_in_bit_format_with_well_above_minimum_ip_and_well_above_minimum_subnet" time="0.003" timestamp="2020-10-10T22:45:34"/>
	<testcase classname="subnet_calculator_tests.TestCalculateIpv4UpperRange" name="test_calculate_range_in_bit_format_with_well_below_maximum_ip_and_maximum_subnet" time="0.002" timestamp="2020-10-10T22:45:34"/>
	<testcase classname="subnet_calculator_tests.TestCalculateIpv4UpperRange" name="test_calculate_range_in_bit_format_with_well_below_maximum_ip_and_well_below_maximum_subnet" time="0.002" timestamp="2020-10-10T22:45:34"/>
	<testcase classname="subnet_calculator_tests.TestCalculateIpv4UpperRange" name="test_calculate_range_in_ip_format_maximum_ip_and_well_below_maximum_subnet" time="0.002" timestamp="2020-10-10T22:45:34"/>
	<testcase classname="subnet_calculator_tests.TestCalculateIpv4UpperRange" name="test_calculate_range_in_ip_format_with_maximum_ip_and_one_below_maximum_subnet" time="0.002" timestamp="2020-10-10T22:45:34"/>
	<testcase classname="subnet_calculator_tests.TestCalculateIpv4UpperRange" name="test_calculate_range_in_ip_format_with_minimum_ip_and_minimum_subnet" time="0.002" timestamp="2020-10-10T22:45:34"/>
	<testcase classname="subnet_calculator_tests.TestCalculateIpv4UpperRange" name="test_calculate_range_in_ip_format_with_minimum_ip_and_one_above_minimum_subnet" time="0.003" timestamp="2020-10-10T22:45:34"/>
	<testcase classname="subnet_calculator_tests.TestCalculateIpv4UpperRange" name="test_calculate_range_in_ip_format_with_minimum_ip_and_well_above_minimum_subnet" time="0.002" timestamp="2020-10-10T22:45:34"/>
	<testcase classname="subnet_calculator_tests.TestCalculateIpv4UpperRange" name="test_calculate_range_in_ip_format_with_one_above_minimum_ip_and_minimum_subnet" time="0.002" timestamp="2020-10-10T22:45:34"/>
	<testcase classname="subnet_calculator_tests.TestCalculateIpv4UpperRange" name="test_calculate_range_in_ip_format_with_one_below_maximum_ip_and_maximum_subnet" time="0.002" timestamp="2020-10-10T22:45:34"/>
	<testcase classname="subnet_calculator_tests.TestCalculateIpv4UpperRange" name="test_calculate_range_in_ip_format_with_one_below_maximum_ip_and_one_below_maximum_subnet" time="0.002" timestamp="2020-10-10T22:45:34"/>
	<testcase classname="subnet_calculator_tests.TestCalculateIpv4UpperRange" name="test_calculate_range_in_ip_format_with_well_above_minimum_ip_and_minimum_subnet" time="0.008" timestamp="2020-10-10T22:45:34"/>
	<testcase classname="subnet_calculator_tests.TestCalculateIpv4UpperRange" name="test_calculate_range_in_ip_format_with_well_above_minimum_ip_and_well_above_minimum_subnet" time="0.002" timestamp="2020-10-10T22:45:34"/>
	<testcase classname="subnet_calculator_tests.TestCalculateIpv4UpperRange" name="test_calculate_range_in_ip_format_with_well_below_maximum_ip_and_maximum_subnet" time="0.002" timestamp="2020-10-10T22:45:34"/>
	<testcase classname="subnet_calculator_tests.TestCalculateIpv4UpperRange" name="test_calculate_range_in_ip_format_with_well_below_maximum_ip_and_well_below_maximum_subnet" time="0.002" timestamp="2020-10-10T22:45:34"/>
	<testcase classname="subnet_calculator_tests.TestCalculateIpv4UpperRange" name="test_calculate_range_in_bit_format_with_one_below_maximum_ip_and_maximum_subnet" time="0.009" timestamp="2020-10-10T22:45:33">
		<failure message="'254.254.254' != '254.254.254.254'
- 254.254.254
+ 254.254.254.254
? ++++
" type="AssertionError">
<![CDATA[Traceback (most recent call last):
  File "/usr/lib/python3.6/unittest/case.py", line 59, in testPartExecutor
    yield
  File "/usr/lib/python3.6/unittest/case.py", line 605, in run
    testMethod()
  File "/home/student/Documents/cs3280project2/src/unittest/python/subnet_calculator_tests.py", line 1132, in test_calculate_range_in_bit_format_with_one_below_maximum_ip_and_maximum_subnet
    self.assertEquals('254.254.254', subnet)
  File "/usr/lib/python3.6/unittest/case.py", line 1321, in deprecated_func
    return original_func(*args, **kwargs)
  File "/usr/lib/python3.6/unittest/case.py", line 829, in assertEqual
    assertion_func(first, second, msg=msg)
  File "/usr/lib/python3.6/unittest/case.py", line 1203, in assertMultiLineEqual
    self.fail(self._formatMessage(msg, standardMsg))
  File "/usr/lib/python3.6/unittest/case.py", line 670, in fail
    raise self.failureException(msg)
AssertionError: '254.254.254' != '254.254.254.254'
- 254.254.254
+ 254.254.254.254
? ++++

]]>		</failure>
	</testcase>
	<testcase classname="subnet_calculator_tests.TestCalculateIpv4UpperRange" name="test_calculate_range_in_ip_format_with_maximum_ip_and_maximum_subnet" time="0.007" timestamp="2020-10-10T22:45:34">
		<failure message="'none' != '255.255.255.254'
- none
+ 255.255.255.254
" type="AssertionError">
<![CDATA[Traceback (most recent call last):
  File "/usr/lib/python3.6/unittest/case.py", line 59, in testPartExecutor
    yield
  File "/usr/lib/python3.6/unittest/case.py", line 605, in run
    testMethod()
  File "/home/student/Documents/cs3280project2/src/unittest/python/subnet_calculator_tests.py", line 1057, in test_calculate_range_in_ip_format_with_maximum_ip_and_maximum_subnet
    self.assertEquals('none', subnet)
  File "/usr/lib/python3.6/unittest/case.py", line 1321, in deprecated_func
    return original_func(*args, **kwargs)
  File "/usr/lib/python3.6/unittest/case.py", line 829, in assertEqual
    assertion_func(first, second, msg=msg)
  File "/usr/lib/python3.6/unittest/case.py", line 1203, in assertMultiLineEqual
    self.fail(self._formatMessage(msg, standardMsg))
  File "/usr/lib/python3.6/unittest/case.py", line 670, in fail
    raise self.failureException(msg)
AssertionError: 'none' != '255.255.255.254'
- none
+ 255.255.255.254

]]>		</failure>
	</testcase>
</testsuite>
