<?xml version="1.0" encoding="UTF-8"?>
<testsuite errors="0" failures="5" file="subnet_calculator_tests.py" name="subnet_calculator_tests.TestConvertNetmaskBitsToBinary-20201010100821" skipped="0" tests="12" time="0.199" timestamp="2020-10-10T10:08:22">
	<testcase classname="subnet_calculator_tests.TestConvertNetmaskBitsToBinary" name="test_maximum_ipv4_netmask" time="0.002" timestamp="2020-10-10T10:08:22"/>
	<testcase classname="subnet_calculator_tests.TestConvertNetmaskBitsToBinary" name="test_minimum_netmask" time="0.003" timestamp="2020-10-10T10:08:22"/>
	<testcase classname="subnet_calculator_tests.TestConvertNetmaskBitsToBinary" name="test_netmask_one_above_minimum" time="0.004" timestamp="2020-10-10T10:08:22"/>
	<testcase classname="subnet_calculator_tests.TestConvertNetmaskBitsToBinary" name="test_netmask_well_above_minimum" time="0.001" timestamp="2020-10-10T10:08:22"/>
	<testcase classname="subnet_calculator_tests.TestConvertNetmaskBitsToBinary" name="test_one_below_maximum_ipv4_netmask" time="0.005" timestamp="2020-10-10T10:08:22"/>
	<testcase classname="subnet_calculator_tests.TestConvertNetmaskBitsToBinary" name="test_well_below_maximum_ipv4_netmask" time="0.001" timestamp="2020-10-10T10:08:22"/>
	<testcase classname="subnet_calculator_tests.TestConvertNetmaskBitsToBinary" name="test_well_below_maximum_ipv6_netmask" time="0.002" timestamp="2020-10-10T10:08:22"/>
	<testcase classname="subnet_calculator_tests.TestConvertNetmaskBitsToBinary" name="test_maximum_ipv6_netmask" time="0.052" timestamp="2020-10-10T10:08:22">
		<failure message="'11111111.11111111.11111111.11111111.11111111.1111[90 chars]1111' != '1111111111111111.1111111111111111.111111111111111[82 chars]1111'
- 11111111.11111111.11111111.11111111.11111111.11111111.11111111.11111111.11111111.11111111.11111111.11111111.11111111.11111111.11111111.11111111
?                  -                 -                 -                 -                 -                 -                 ----------
+ 1111111111111111.1111111111111111.1111111111111111.1111111111111111.1111111111111111.1111111111111111.1111111111111111.1111111111111111
? ++++++++
" type="AssertionError">
<![CDATA[Traceback (most recent call last):
  File "/usr/lib/python3.6/unittest/case.py", line 59, in testPartExecutor
    yield
  File "/usr/lib/python3.6/unittest/case.py", line 605, in run
    testMethod()
  File "/home/student/Documents/cs3280project2/src/unittest/python/subnet_calculator_tests.py", line 743, in test_maximum_ipv6_netmask
    self.assertEquals('11111111.11111111.11111111.11111111.11111111.11111111.11111111.11111111.11111111.11111111.11111111.11111111.11111111.11111111.11111111.11111111', binary_netmask)
  File "/usr/lib/python3.6/unittest/case.py", line 1321, in deprecated_func
    return original_func(*args, **kwargs)
  File "/usr/lib/python3.6/unittest/case.py", line 829, in assertEqual
    assertion_func(first, second, msg=msg)
  File "/usr/lib/python3.6/unittest/case.py", line 1203, in assertMultiLineEqual
    self.fail(self._formatMessage(msg, standardMsg))
  File "/usr/lib/python3.6/unittest/case.py", line 670, in fail
    raise self.failureException(msg)
AssertionError: '11111111.11111111.11111111.11111111.11111111.1111[90 chars]1111' != '1111111111111111.1111111111111111.111111111111111[82 chars]1111'
- 11111111.11111111.11111111.11111111.11111111.11111111.11111111.11111111.11111111.11111111.11111111.11111111.11111111.11111111.11111111.11111111
?                  -                 -                 -                 -                 -                 -                 ----------
+ 1111111111111111.1111111111111111.1111111111111111.1111111111111111.1111111111111111.1111111111111111.1111111111111111.1111111111111111
? ++++++++

]]>		</failure>
	</testcase>
	<testcase classname="subnet_calculator_tests.TestConvertNetmaskBitsToBinary" name="test_minimum_ipv6_netmask" time="0.022" timestamp="2020-10-10T10:08:22">
		<failure message="'10000000.00000000.00000000.00000000.00000000.0000[90 chars]0000' != '1000000000000000.0000000000000000.000000000000000[82 chars]0000'
- 10000000.00000000.00000000.00000000.00000000.00000000.00000000.00000000.00000000.00000000.00000000.00000000.00000000.00000000.00000000.00000000
?         -                 -                 -                 -                 -                 -                 -                 -
+ 1000000000000000.0000000000000000.0000000000000000.0000000000000000.0000000000000000.0000000000000000.0000000000000000.0000000000000000
" type="AssertionError">
<![CDATA[Traceback (most recent call last):
  File "/usr/lib/python3.6/unittest/case.py", line 59, in testPartExecutor
    yield
  File "/usr/lib/python3.6/unittest/case.py", line 605, in run
    testMethod()
  File "/home/student/Documents/cs3280project2/src/unittest/python/subnet_calculator_tests.py", line 728, in test_minimum_ipv6_netmask
    self.assertEquals('10000000.00000000.00000000.00000000.00000000.00000000.00000000.00000000.00000000.00000000.00000000.00000000.00000000.00000000.00000000.00000000', binary_netmask)
  File "/usr/lib/python3.6/unittest/case.py", line 1321, in deprecated_func
    return original_func(*args, **kwargs)
  File "/usr/lib/python3.6/unittest/case.py", line 829, in assertEqual
    assertion_func(first, second, msg=msg)
  File "/usr/lib/python3.6/unittest/case.py", line 1203, in assertMultiLineEqual
    self.fail(self._formatMessage(msg, standardMsg))
  File "/usr/lib/python3.6/unittest/case.py", line 670, in fail
    raise self.failureException(msg)
AssertionError: '10000000.00000000.00000000.00000000.00000000.0000[90 chars]0000' != '1000000000000000.0000000000000000.000000000000000[82 chars]0000'
- 10000000.00000000.00000000.00000000.00000000.00000000.00000000.00000000.00000000.00000000.00000000.00000000.00000000.00000000.00000000.00000000
?         -                 -                 -                 -                 -                 -                 -                 -
+ 1000000000000000.0000000000000000.0000000000000000.0000000000000000.0000000000000000.0000000000000000.0000000000000000.0000000000000000

]]>		</failure>
	</testcase>
	<testcase classname="subnet_calculator_tests.TestConvertNetmaskBitsToBinary" name="test_one_above_minimum_ipv6_netmask" time="0.035" timestamp="2020-10-10T10:08:22">
		<failure message="'11000000.00000000.00000000.00000000.00000000.0000[90 chars]0000' != '1100000000000000.0000000000000000.000000000000000[82 chars]0000'
- 11000000.00000000.00000000.00000000.00000000.00000000.00000000.00000000.00000000.00000000.00000000.00000000.00000000.00000000.00000000.00000000
?         -                 -                 -                 -                 -                 -                 -                 -
+ 1100000000000000.0000000000000000.0000000000000000.0000000000000000.0000000000000000.0000000000000000.0000000000000000.0000000000000000
" type="AssertionError">
<![CDATA[Traceback (most recent call last):
  File "/usr/lib/python3.6/unittest/case.py", line 59, in testPartExecutor
    yield
  File "/usr/lib/python3.6/unittest/case.py", line 605, in run
    testMethod()
  File "/home/student/Documents/cs3280project2/src/unittest/python/subnet_calculator_tests.py", line 733, in test_one_above_minimum_ipv6_netmask
    self.assertEquals('11000000.00000000.00000000.00000000.00000000.00000000.00000000.00000000.00000000.00000000.00000000.00000000.00000000.00000000.00000000.00000000', binary_netmask)
  File "/usr/lib/python3.6/unittest/case.py", line 1321, in deprecated_func
    return original_func(*args, **kwargs)
  File "/usr/lib/python3.6/unittest/case.py", line 829, in assertEqual
    assertion_func(first, second, msg=msg)
  File "/usr/lib/python3.6/unittest/case.py", line 1203, in assertMultiLineEqual
    self.fail(self._formatMessage(msg, standardMsg))
  File "/usr/lib/python3.6/unittest/case.py", line 670, in fail
    raise self.failureException(msg)
AssertionError: '11000000.00000000.00000000.00000000.00000000.0000[90 chars]0000' != '1100000000000000.0000000000000000.000000000000000[82 chars]0000'
- 11000000.00000000.00000000.00000000.00000000.00000000.00000000.00000000.00000000.00000000.00000000.00000000.00000000.00000000.00000000.00000000
?         -                 -                 -                 -                 -                 -                 -                 -
+ 1100000000000000.0000000000000000.0000000000000000.0000000000000000.0000000000000000.0000000000000000.0000000000000000.0000000000000000

]]>		</failure>
	</testcase>
	<testcase classname="subnet_calculator_tests.TestConvertNetmaskBitsToBinary" name="test_one_below_maximum_ipv6_netmask" time="0.043" timestamp="2020-10-10T10:08:22">
		<failure message="'11111111.11111111.11111111.11111111.11111111.1111[90 chars]1110' != '1111111111111111.1111111111111111.111111111111111[82 chars]1110'
- 11111111.11111111.11111111.11111111.11111111.11111111.11111111.11111111.11111111.11111111.11111111.11111111.11111111.11111111.11111111.11111110
?                  -                 -                 -                 -                 -                 -                 ----------
+ 1111111111111111.1111111111111111.1111111111111111.1111111111111111.1111111111111111.1111111111111111.1111111111111111.1111111111111110
? ++++++++
" type="AssertionError">
<![CDATA[Traceback (most recent call last):
  File "/usr/lib/python3.6/unittest/case.py", line 59, in testPartExecutor
    yield
  File "/usr/lib/python3.6/unittest/case.py", line 605, in run
    testMethod()
  File "/home/student/Documents/cs3280project2/src/unittest/python/subnet_calculator_tests.py", line 748, in test_one_below_maximum_ipv6_netmask
    self.assertEquals('11111111.11111111.11111111.11111111.11111111.11111111.11111111.11111111.11111111.11111111.11111111.11111111.11111111.11111111.11111111.11111110', binary_netmask)
  File "/usr/lib/python3.6/unittest/case.py", line 1321, in deprecated_func
    return original_func(*args, **kwargs)
  File "/usr/lib/python3.6/unittest/case.py", line 829, in assertEqual
    assertion_func(first, second, msg=msg)
  File "/usr/lib/python3.6/unittest/case.py", line 1203, in assertMultiLineEqual
    self.fail(self._formatMessage(msg, standardMsg))
  File "/usr/lib/python3.6/unittest/case.py", line 670, in fail
    raise self.failureException(msg)
AssertionError: '11111111.11111111.11111111.11111111.11111111.1111[90 chars]1110' != '1111111111111111.1111111111111111.111111111111111[82 chars]1110'
- 11111111.11111111.11111111.11111111.11111111.11111111.11111111.11111111.11111111.11111111.11111111.11111111.11111111.11111111.11111111.11111110
?                  -                 -                 -                 -                 -                 -                 ----------
+ 1111111111111111.1111111111111111.1111111111111111.1111111111111111.1111111111111111.1111111111111111.1111111111111111.1111111111111110
? ++++++++

]]>		</failure>
	</testcase>
	<testcase classname="subnet_calculator_tests.TestConvertNetmaskBitsToBinary" name="test_well_above_minimum_ipv6_netmask" time="0.029" timestamp="2020-10-10T10:08:22">
		<failure message="'11111111.11111111.11111111.11111111.11111111.1111[90 chars]0000' != '1111111111111111.1111111111111111.111111111111111[82 chars]0000'
- 11111111.11111111.11111111.11111111.11111111.11111111.11111110.00000000.00000000.00000000.00000000.00000000.00000000.00000000.00000000.00000000
?                  -                 ----------                 -                 -                 -                 -                 -
+ 1111111111111111.1111111111111111.1111111111111111.1111111000000000.0000000000000000.0000000000000000.0000000000000000.0000000000000000
? ++++++++
" type="AssertionError">
<![CDATA[Traceback (most recent call last):
  File "/usr/lib/python3.6/unittest/case.py", line 59, in testPartExecutor
    yield
  File "/usr/lib/python3.6/unittest/case.py", line 605, in run
    testMethod()
  File "/home/student/Documents/cs3280project2/src/unittest/python/subnet_calculator_tests.py", line 738, in test_well_above_minimum_ipv6_netmask
    self.assertEquals('11111111.11111111.11111111.11111111.11111111.11111111.11111110.00000000.00000000.00000000.00000000.00000000.00000000.00000000.00000000.00000000', binary_netmask)
  File "/usr/lib/python3.6/unittest/case.py", line 1321, in deprecated_func
    return original_func(*args, **kwargs)
  File "/usr/lib/python3.6/unittest/case.py", line 829, in assertEqual
    assertion_func(first, second, msg=msg)
  File "/usr/lib/python3.6/unittest/case.py", line 1203, in assertMultiLineEqual
    self.fail(self._formatMessage(msg, standardMsg))
  File "/usr/lib/python3.6/unittest/case.py", line 670, in fail
    raise self.failureException(msg)
AssertionError: '11111111.11111111.11111111.11111111.11111111.1111[90 chars]0000' != '1111111111111111.1111111111111111.111111111111111[82 chars]0000'
- 11111111.11111111.11111111.11111111.11111111.11111111.11111110.00000000.00000000.00000000.00000000.00000000.00000000.00000000.00000000.00000000
?                  -                 ----------                 -                 -                 -                 -                 -
+ 1111111111111111.1111111111111111.1111111111111111.1111111000000000.0000000000000000.0000000000000000.0000000000000000.0000000000000000
? ++++++++

]]>		</failure>
	</testcase>
</testsuite>
