<?xml version="1.0" encoding="UTF-8"?>
<testsuite errors="0" failures="0" file="subnet_calculator_tests.py" name="subnet_calculator_tests.TestExpandIpv6Address-20201009225316" skipped="0" tests="1" time="0.002" timestamp="2020-10-09T22:53:17">
	<testcase classname="subnet_calculator_tests.TestExpandIpv6Address" name="test_no_empty_groups" time="0.002" timestamp="2020-10-09T22:53:17"/>
</testsuite>
