<?xml version="1.0" encoding="UTF-8"?>
<testsuite errors="0" failures="0" file="subnet_calculator_tests.py" name="subnet_calculator_tests.TestCalculateIpv4Subnet-20201007233815" skipped="0" tests="1" time="0.001" timestamp="2020-10-07T23:38:15">
	<testcase classname="subnet_calculator_tests.TestCalculateIpv4Subnet" name="test_calculate_ipv4_with_minimum_ip_and_minimum_subnet" time="0.001" timestamp="2020-10-07T23:38:15"/>
</testsuite>
