<?xml version="1.0" encoding="UTF-8"?>
<testsuite errors="0" failures="0" file="subnet_calculator_tests.py" name="subnet_calculator_tests.TestValidateNetmaskIpFormat-20201006203145" skipped="0" tests="7" time="0.011" timestamp="2020-10-06T20:31:46">
	<testcase classname="subnet_calculator_tests.TestValidateNetmaskIpFormat" name="test_empty_netmask" time="0.001" timestamp="2020-10-06T20:31:46"/>
	<testcase classname="subnet_calculator_tests.TestValidateNetmaskIpFormat" name="test_netmask_with_no_digits_in_octet" time="0.001" timestamp="2020-10-06T20:31:46"/>
	<testcase classname="subnet_calculator_tests.TestValidateNetmaskIpFormat" name="test_netmask_with_octets_at_four" time="0.003" timestamp="2020-10-06T20:31:46"/>
	<testcase classname="subnet_calculator_tests.TestValidateNetmaskIpFormat" name="test_netmask_with_octets_one_above_four" time="0.001" timestamp="2020-10-06T20:31:46"/>
	<testcase classname="subnet_calculator_tests.TestValidateNetmaskIpFormat" name="test_netmask_with_octets_one_below_four" time="0.001" timestamp="2020-10-06T20:31:46"/>
	<testcase classname="subnet_calculator_tests.TestValidateNetmaskIpFormat" name="test_netmask_with_octets_well_above_four" time="0.001" timestamp="2020-10-06T20:31:46"/>
	<testcase classname="subnet_calculator_tests.TestValidateNetmaskIpFormat" name="test_netmask_with_octets_well_below_four" time="0.001" timestamp="2020-10-06T20:31:46"/>
</testsuite>
