<?xml version="1.0" encoding="UTF-8"?>
<testsuite errors="0" failures="0" file="subnet_calculator_tests.py" name="subnet_calculator_tests.TestCalculateIpv6Address-20201011141519" skipped="0" tests="14" time="0.018" timestamp="2020-10-11T14:15:20">
	<testcase classname="subnet_calculator_tests.TestCalculateIpv6Address" name="test_calculate_subnet_in_bit_format_maximum_ip_and_well_below_maximum_subnet" time="0.001" timestamp="2020-10-11T14:15:20"/>
	<testcase classname="subnet_calculator_tests.TestCalculateIpv6Address" name="test_calculate_subnet_in_bit_format_with_maximum_ip_and_maximum_subnet" time="0.001" timestamp="2020-10-11T14:15:20"/>
	<testcase classname="subnet_calculator_tests.TestCalculateIpv6Address" name="test_calculate_subnet_in_bit_format_with_maximum_ip_and_one_below_maximum_subnet" time="0.001" timestamp="2020-10-11T14:15:20"/>
	<testcase classname="subnet_calculator_tests.TestCalculateIpv6Address" name="test_calculate_subnet_in_bit_format_with_minimum_ip_and_minimum_subnet" time="0.001" timestamp="2020-10-11T14:15:20"/>
	<testcase classname="subnet_calculator_tests.TestCalculateIpv6Address" name="test_calculate_subnet_in_bit_format_with_minimum_ip_and_one_above_minimum_subnet" time="0.001" timestamp="2020-10-11T14:15:20"/>
	<testcase classname="subnet_calculator_tests.TestCalculateIpv6Address" name="test_calculate_subnet_in_bit_format_with_minimum_ip_and_well_above_minimum_subnet" time="0.001" timestamp="2020-10-11T14:15:20"/>
	<testcase classname="subnet_calculator_tests.TestCalculateIpv6Address" name="test_calculate_subnet_in_bit_format_with_one_above_minimum_ip_and_minimum_subnet" time="0.001" timestamp="2020-10-11T14:15:20"/>
	<testcase classname="subnet_calculator_tests.TestCalculateIpv6Address" name="test_calculate_subnet_in_bit_format_with_one_above_minimum_ip_and_one_above_minimum_subnet" time="0.001" timestamp="2020-10-11T14:15:20"/>
	<testcase classname="subnet_calculator_tests.TestCalculateIpv6Address" name="test_calculate_subnet_in_bit_format_with_one_below_maximum_ip_and_maximum_subnet" time="0.001" timestamp="2020-10-11T14:15:20"/>
	<testcase classname="subnet_calculator_tests.TestCalculateIpv6Address" name="test_calculate_subnet_in_bit_format_with_one_below_maximum_ip_and_one_below_maximum_subnet" time="0.001" timestamp="2020-10-11T14:15:20"/>
	<testcase classname="subnet_calculator_tests.TestCalculateIpv6Address" name="test_calculate_subnet_in_bit_format_with_well_above_minimum_ip_and_minimum_subnet" time="0.001" timestamp="2020-10-11T14:15:20"/>
	<testcase classname="subnet_calculator_tests.TestCalculateIpv6Address" name="test_calculate_subnet_in_bit_format_with_well_above_minimum_ip_and_well_above_minimum_subnet" time="0.001" timestamp="2020-10-11T14:15:20"/>
	<testcase classname="subnet_calculator_tests.TestCalculateIpv6Address" name="test_calculate_subnet_in_bit_format_with_well_below_maximum_ip_and_maximum_subnet" time="0.001" timestamp="2020-10-11T14:15:20"/>
	<testcase classname="subnet_calculator_tests.TestCalculateIpv6Address" name="test_calculate_subnet_in_ip_format_with_well_below_maximum_ip_and_well_below_maximum_subnet" time="0.001" timestamp="2020-10-11T14:15:20"/>
</testsuite>
