<?xml version="1.0" encoding="UTF-8"?>
<testsuite errors="0" failures="0" file="subnet_calculator_tests.py" name="subnet_calculator_tests.CalculateLowerIpv4Range-20201011184842" skipped="0" tests="1" time="0.004" timestamp="2020-10-11T18:48:43">
	<testcase classname="subnet_calculator_tests.CalculateLowerIpv4Range" name="test_calculate_lower_in_bit_format_minimum_ip_and_minimum_subnet" time="0.004" timestamp="2020-10-11T18:48:43"/>
</testsuite>
