<?xml version="1.0" encoding="UTF-8"?>
<testsuite errors="0" failures="0" file="subnet_calculator_tests.py" name="subnet_calculator_tests.TestConvertNetmaskBitsToBinary-20201010223509" skipped="0" tests="12" time="0.013" timestamp="2020-10-10T22:35:10">
	<testcase classname="subnet_calculator_tests.TestConvertNetmaskBitsToBinary" name="test_maximum_ipv4_netmask" time="0.001" timestamp="2020-10-10T22:35:10"/>
	<testcase classname="subnet_calculator_tests.TestConvertNetmaskBitsToBinary" name="test_maximum_ipv6_netmask" time="0.001" timestamp="2020-10-10T22:35:10"/>
	<testcase classname="subnet_calculator_tests.TestConvertNetmaskBitsToBinary" name="test_minimum_ipv6_netmask" time="0.001" timestamp="2020-10-10T22:35:10"/>
	<testcase classname="subnet_calculator_tests.TestConvertNetmaskBitsToBinary" name="test_minimum_netmask" time="0.001" timestamp="2020-10-10T22:35:10"/>
	<testcase classname="subnet_calculator_tests.TestConvertNetmaskBitsToBinary" name="test_netmask_one_above_minimum" time="0.001" timestamp="2020-10-10T22:35:10"/>
	<testcase classname="subnet_calculator_tests.TestConvertNetmaskBitsToBinary" name="test_netmask_well_above_minimum" time="0.001" timestamp="2020-10-10T22:35:10"/>
	<testcase classname="subnet_calculator_tests.TestConvertNetmaskBitsToBinary" name="test_one_above_minimum_ipv6_netmask" time="0.001" timestamp="2020-10-10T22:35:10"/>
	<testcase classname="subnet_calculator_tests.TestConvertNetmaskBitsToBinary" name="test_one_below_maximum_ipv4_netmask" time="0.001" timestamp="2020-10-10T22:35:10"/>
	<testcase classname="subnet_calculator_tests.TestConvertNetmaskBitsToBinary" name="test_one_below_maximum_ipv6_netmask" time="0.001" timestamp="2020-10-10T22:35:10"/>
	<testcase classname="subnet_calculator_tests.TestConvertNetmaskBitsToBinary" name="test_well_above_minimum_ipv6_netmask" time="0.001" timestamp="2020-10-10T22:35:10"/>
	<testcase classname="subnet_calculator_tests.TestConvertNetmaskBitsToBinary" name="test_well_below_maximum_ipv4_netmask" time="0.001" timestamp="2020-10-10T22:35:10"/>
	<testcase classname="subnet_calculator_tests.TestConvertNetmaskBitsToBinary" name="test_well_below_maximum_ipv6_netmask" time="0.001" timestamp="2020-10-10T22:35:10"/>
</testsuite>
