<?xml version="1.0" encoding="UTF-8"?>
<testsuite errors="0" failures="0" file="subnet_calculator_tests.py" name="subnet_calculator_tests.ValidateNetmaskBitFormat-20201007095957" skipped="0" tests="1" time="0.001" timestamp="2020-10-07T09:59:59">
	<testcase classname="subnet_calculator_tests.ValidateNetmaskBitFormat" name="test_empty_netmask" time="0.001" timestamp="2020-10-07T09:59:59"/>
</testsuite>
