<?xml version="1.0" encoding="UTF-8"?>
<testsuite errors="0" failures="0" file="subnet_calculator_tests.py" name="subnet_calculator_tests.TestValidateNetmaskIpFormat-20201006222608" skipped="0" tests="14" time="0.021" timestamp="2020-10-06T22:26:09">
	<testcase classname="subnet_calculator_tests.TestValidateNetmaskIpFormat" name="test_empty_netmask" time="0.001" timestamp="2020-10-06T22:26:09"/>
	<testcase classname="subnet_calculator_tests.TestValidateNetmaskIpFormat" name="test_maximum_bit_netmask_ending_in_254" time="0.003" timestamp="2020-10-06T22:26:09"/>
	<testcase classname="subnet_calculator_tests.TestValidateNetmaskIpFormat" name="test_netmask_with_empty_octet" time="0.001" timestamp="2020-10-06T22:26:09"/>
	<testcase classname="subnet_calculator_tests.TestValidateNetmaskIpFormat" name="test_netmask_with_no_digits_in_octet" time="0.001" timestamp="2020-10-06T22:26:09"/>
	<testcase classname="subnet_calculator_tests.TestValidateNetmaskIpFormat" name="test_netmask_with_octets_all_255" time="0.001" timestamp="2020-10-06T22:26:09"/>
	<testcase classname="subnet_calculator_tests.TestValidateNetmaskIpFormat" name="test_netmask_with_octets_all_zero" time="0.001" timestamp="2020-10-06T22:26:09"/>
	<testcase classname="subnet_calculator_tests.TestValidateNetmaskIpFormat" name="test_netmask_with_octets_at_four" time="0.002" timestamp="2020-10-06T22:26:09"/>
	<testcase classname="subnet_calculator_tests.TestValidateNetmaskIpFormat" name="test_netmask_with_octets_one_above_four" time="0.001" timestamp="2020-10-06T22:26:09"/>
	<testcase classname="subnet_calculator_tests.TestValidateNetmaskIpFormat" name="test_netmask_with_octets_one_below_four" time="0.001" timestamp="2020-10-06T22:26:09"/>
	<testcase classname="subnet_calculator_tests.TestValidateNetmaskIpFormat" name="test_netmask_with_octets_well_above_four" time="0.001" timestamp="2020-10-06T22:26:09"/>
	<testcase classname="subnet_calculator_tests.TestValidateNetmaskIpFormat" name="test_netmask_with_octets_well_below_four" time="0.001" timestamp="2020-10-06T22:26:09"/>
	<testcase classname="subnet_calculator_tests.TestValidateNetmaskIpFormat" name="test_netmask_with_one_more_than_one_non_255_or_0_number" time="0.001" timestamp="2020-10-06T22:26:09"/>
	<testcase classname="subnet_calculator_tests.TestValidateNetmaskIpFormat" name="test_netmask_with_one_non_255_or_0_number" time="0.001" timestamp="2020-10-06T22:26:09"/>
	<testcase classname="subnet_calculator_tests.TestValidateNetmaskIpFormat" name="test_netmask_with_well_more_than_one_non_255_or_0_number" time="0.001" timestamp="2020-10-06T22:26:09"/>
</testsuite>
