<?xml version="1.0" encoding="UTF-8"?>
<testsuite errors="0" failures="0" file="subnet_calculator_tests.py" name="subnet_calculator_tests.TestExpandIpv6Address-20201010100305" skipped="0" tests="4" time="0.011" timestamp="2020-10-10T10:03:06">
	<testcase classname="subnet_calculator_tests.TestExpandIpv6Address" name="test_many_empty_groups" time="0.002" timestamp="2020-10-10T10:03:06"/>
	<testcase classname="subnet_calculator_tests.TestExpandIpv6Address" name="test_no_empty_groups" time="0.001" timestamp="2020-10-10T10:03:06"/>
	<testcase classname="subnet_calculator_tests.TestExpandIpv6Address" name="test_one_empty_group" time="0.003" timestamp="2020-10-10T10:03:06"/>
	<testcase classname="subnet_calculator_tests.TestExpandIpv6Address" name="test_only_empty_groups" time="0.005" timestamp="2020-10-10T10:03:06"/>
</testsuite>
