<?xml version="1.0" encoding="UTF-8"?>
<testsuite errors="0" failures="0" file="subnet_calculator_tests.py" name="subnet_calculator_tests.TestValidateIpv4Address-20201004110404" skipped="0" tests="13" time="0.018" timestamp="2020-10-04T11:04:05">
	<testcase classname="subnet_calculator_tests.TestValidateIpv4Address" name="test_empty_ipv4_address" time="0.002" timestamp="2020-10-04T11:04:05"/>
	<testcase classname="subnet_calculator_tests.TestValidateIpv4Address" name="test_ipv4_with_empty_octet" time="0.002" timestamp="2020-10-04T11:04:05"/>
	<testcase classname="subnet_calculator_tests.TestValidateIpv4Address" name="test_ipv4_with_four_digits_in_octet" time="0.001" timestamp="2020-10-04T11:04:05"/>
	<testcase classname="subnet_calculator_tests.TestValidateIpv4Address" name="test_ipv4_with_four_octets_valid" time="0.001" timestamp="2020-10-04T11:04:05"/>
	<testcase classname="subnet_calculator_tests.TestValidateIpv4Address" name="test_ipv4_with_no_digits_in_octet" time="0.001" timestamp="2020-10-04T11:04:05"/>
	<testcase classname="subnet_calculator_tests.TestValidateIpv4Address" name="test_ipv4_with_octets_one_above_valid" time="0.001" timestamp="2020-10-04T11:04:05"/>
	<testcase classname="subnet_calculator_tests.TestValidateIpv4Address" name="test_ipv4_with_octets_one_below_valid" time="0.001" timestamp="2020-10-04T11:04:05"/>
	<testcase classname="subnet_calculator_tests.TestValidateIpv4Address" name="test_ipv4_with_octets_well_above_valid" time="0.001" timestamp="2020-10-04T11:04:05"/>
	<testcase classname="subnet_calculator_tests.TestValidateIpv4Address" name="test_ipv4_with_one_digit_in_octet" time="0.002" timestamp="2020-10-04T11:04:05"/>
	<testcase classname="subnet_calculator_tests.TestValidateIpv4Address" name="test_ipv4_with_one_octets_well_below_valid" time="0.001" timestamp="2020-10-04T11:04:05"/>
	<testcase classname="subnet_calculator_tests.TestValidateIpv4Address" name="test_ipv4_with_three_digits_in_octet" time="0.001" timestamp="2020-10-04T11:04:05"/>
	<testcase classname="subnet_calculator_tests.TestValidateIpv4Address" name="test_ipv4_with_two_digits_in_octet" time="0.001" timestamp="2020-10-04T11:04:05"/>
	<testcase classname="subnet_calculator_tests.TestValidateIpv4Address" name="test_ipv4_with_well_more_than_three_digits_in_octet" time="0.002" timestamp="2020-10-04T11:04:05"/>
</testsuite>
