<?xml version="1.0" encoding="UTF-8"?>
<testsuite errors="0" failures="0" file="subnet_calculator_tests.py" name="subnet_calculator_tests.TestCalculateBinaryOpposite-20201011100318" skipped="0" tests="5" time="0.013" timestamp="2020-10-11T10:03:18">
	<testcase classname="subnet_calculator_tests.TestCalculateBinaryOpposite" name="test_large_binary_string" time="0.002" timestamp="2020-10-11T10:03:18"/>
	<testcase classname="subnet_calculator_tests.TestCalculateBinaryOpposite" name="test_one_one" time="0.002" timestamp="2020-10-11T10:03:18"/>
	<testcase classname="subnet_calculator_tests.TestCalculateBinaryOpposite" name="test_one_zero" time="0.002" timestamp="2020-10-11T10:03:18"/>
	<testcase classname="subnet_calculator_tests.TestCalculateBinaryOpposite" name="test_seperated_binary_string" time="0.002" timestamp="2020-10-11T10:03:18"/>
	<testcase classname="subnet_calculator_tests.TestCalculateBinaryOpposite" name="test_small_binary_string" time="0.005" timestamp="2020-10-11T10:03:18"/>
</testsuite>
