<?xml version="1.0" encoding="UTF-8"?>
<testsuite errors="0" failures="0" file="subnet_calculator_tests.py" name="subnet_calculator_tests.TestCalculateIpv4Subnet-20201007234300" skipped="0" tests="4" time="0.004" timestamp="2020-10-07T23:43:00">
	<testcase classname="subnet_calculator_tests.TestCalculateIpv4Subnet" name="test_calculate_ipv4_with_minimum_ip_and_minimum_subnet" time="0.001" timestamp="2020-10-07T23:43:00"/>
	<testcase classname="subnet_calculator_tests.TestCalculateIpv4Subnet" name="test_calculate_ipv4_with_minimum_ip_and_one_above_minimum_subnet" time="0.001" timestamp="2020-10-07T23:43:00"/>
	<testcase classname="subnet_calculator_tests.TestCalculateIpv4Subnet" name="test_calculate_ipv4_with_minimum_ip_and_well_above_minimum_subnet" time="0.001" timestamp="2020-10-07T23:43:00"/>
	<testcase classname="subnet_calculator_tests.TestCalculateIpv4Subnet" name="test_calculate_ipv4_with_one_above_minimum_ip_and_minimum_subnet" time="0.001" timestamp="2020-10-07T23:43:00"/>
</testsuite>
